warning: Git tree '/home/nitro/nixos' is dirty
building the system configuration...
warning: Git tree '/home/nitro/nixos' is dirty
these 8 derivations will be built:
  /nix/store/xfc78jhakrspf9rr2my3kj1kclrfw4sk-rebuild-nixos.drv
  /nix/store/gd6hsdq41rp32k9wbxikniq55m6ci3hm-home-manager-path.drv
  /nix/store/85bqm6m0ycmx8dqn2wpmjf3ywp37c7vk-activation-script.drv
  /nix/store/22ss4p3swqkg9lgnaw3iskcqgg2ik5aw-home-manager-generation.drv
  /nix/store/2llj995gp5wbchlii9sq6vfsrfkfz8bd-unit-home-manager-nitro.service.drv
  /nix/store/5qv0s4m0kz3y40kcymp99ssiiiczvcgr-system-units.drv
  /nix/store/22cmqsz26312jwl0174kv4x9p5rrfd3m-etc.drv
  /nix/store/1s1xz2zgza0w4wmzsxpdqk7cs2b9vs3b-nixos-system-nixos-24.11.20240731.9f918d6.drv
building '/nix/store/xfc78jhakrspf9rr2my3kj1kclrfw4sk-rebuild-nixos.drv'...
building '/nix/store/gd6hsdq41rp32k9wbxikniq55m6ci3hm-home-manager-path.drv'...
building '/nix/store/85bqm6m0ycmx8dqn2wpmjf3ywp37c7vk-activation-script.drv'...
building '/nix/store/22ss4p3swqkg9lgnaw3iskcqgg2ik5aw-home-manager-generation.drv'...
building '/nix/store/2llj995gp5wbchlii9sq6vfsrfkfz8bd-unit-home-manager-nitro.service.drv'...
building '/nix/store/5qv0s4m0kz3y40kcymp99ssiiiczvcgr-system-units.drv'...
building '/nix/store/22cmqsz26312jwl0174kv4x9p5rrfd3m-etc.drv'...
building '/nix/store/1s1xz2zgza0w4wmzsxpdqk7cs2b9vs3b-nixos-system-nixos-24.11.20240731.9f918d6.drv'...
activating the configuration...
setting up /etc...
reloading user units for nitro...
restarting sysinit-reactivation.target
restarting the following units: home-manager-nitro.service
